[Sun Mar  1 22:00:13 2026] PHP 8.3.6 Development Server (http://localhost:8000) started
[Sun Mar  1 22:00:32 2026] [::1]:51524 Accepted
[Sun Mar  1 22:00:32 2026] PHP Fatal error:  Uncaught PDOException: SQLSTATE[HY000] [1698] Access denied for user 'root'@'localhost' in /app/config/db.php:14
Stack trace:
#0 /app/auth/login.php(2): require_once()
#1 {main}
  thrown in /app/config/db.php on line 14
[Sun Mar  1 22:00:32 2026] [::1]:51524 [500]: GET /auth/login.php - Uncaught PDOException: SQLSTATE[HY000] [1698] Access denied for user 'root'@'localhost' in /app/config/db.php:14
Stack trace:
#0 /app/auth/login.php(2): require_once()
#1 {main}
  thrown in /app/config/db.php on line 14
[Sun Mar  1 22:00:32 2026] [::1]:51524 Closing
[Sun Mar  1 22:00:32 2026] [::1]:51540 Accepted
[Sun Mar  1 22:00:32 2026] PHP Fatal error:  Uncaught PDOException: SQLSTATE[HY000] [1698] Access denied for user 'root'@'localhost' in /app/config/db.php:14
Stack trace:
#0 /app/auth/registro.php(2): require_once()
#1 {main}
  thrown in /app/config/db.php on line 14
[Sun Mar  1 22:00:32 2026] [::1]:51540 [500]: GET /auth/registro.php - Uncaught PDOException: SQLSTATE[HY000] [1698] Access denied for user 'root'@'localhost' in /app/config/db.php:14
Stack trace:
#0 /app/auth/registro.php(2): require_once()
#1 {main}
  thrown in /app/config/db.php on line 14
[Sun Mar  1 22:00:32 2026] [::1]:51540 Closing
[Sun Mar  1 22:00:32 2026] [::1]:51552 Accepted
[Sun Mar  1 22:00:32 2026] PHP Fatal error:  Uncaught PDOException: SQLSTATE[HY000] [1698] Access denied for user 'root'@'localhost' in /app/config/db.php:14
Stack trace:
#0 /app/auth/olvide_password.php(2): require_once()
#1 {main}
  thrown in /app/config/db.php on line 14
[Sun Mar  1 22:00:32 2026] [::1]:51552 [500]: GET /auth/olvide_password.php - Uncaught PDOException: SQLSTATE[HY000] [1698] Access denied for user 'root'@'localhost' in /app/config/db.php:14
Stack trace:
#0 /app/auth/olvide_password.php(2): require_once()
#1 {main}
  thrown in /app/config/db.php on line 14
[Sun Mar  1 22:00:32 2026] [::1]:51552 Closing
[Sun Mar  1 22:00:58 2026] [::1]:35506 Accepted
[Sun Mar  1 22:00:58 2026] [::1]:35506 [200]: GET /auth/login.php
[Sun Mar  1 22:00:58 2026] [::1]:35506 Closing
[Sun Mar  1 22:00:58 2026] [::1]:35516 Accepted
[Sun Mar  1 22:00:58 2026] [::1]:35516 [200]: GET /auth/registro.php
[Sun Mar  1 22:00:58 2026] [::1]:35516 Closing
[Sun Mar  1 22:00:58 2026] [::1]:35522 Accepted
[Sun Mar  1 22:00:58 2026] [::1]:35522 [200]: GET /auth/olvide_password.php
[Sun Mar  1 22:00:58 2026] [::1]:35522 Closing
[Sun Mar  1 22:01:42 2026] [::1]:44094 Accepted
[Sun Mar  1 22:01:42 2026] [::1]:44094 [200]: GET /auth/login.php
[Sun Mar  1 22:01:42 2026] [::1]:44094 Closing
[Sun Mar  1 22:01:44 2026] [::1]:44102 Accepted
[Sun Mar  1 22:01:44 2026] [::1]:44102 [200]: GET /auth/registro.php
[Sun Mar  1 22:01:44 2026] [::1]:44102 Closing
[Sun Mar  1 22:01:44 2026] [::1]:44118 Accepted
[Sun Mar  1 22:01:44 2026] [::1]:44126 Accepted
[Sun Mar  1 22:01:44 2026] [::1]:44118 [200]: GET /assets/css/captcha.css
[Sun Mar  1 22:01:44 2026] [::1]:44126 [200]: GET /assets/js/captcha.js
[Sun Mar  1 22:01:44 2026] [::1]:44118 Closing
[Sun Mar  1 22:01:44 2026] [::1]:44126 Closing
[Sun Mar  1 22:01:44 2026] [::1]:44132 Accepted
[Sun Mar  1 22:01:44 2026] [::1]:44132 [200]: GET /auth/olvide_password.php
[Sun Mar  1 22:01:44 2026] [::1]:44132 Closing
[Sun Mar  1 22:01:44 2026] [::1]:44148 Accepted
[Sun Mar  1 22:01:44 2026] [::1]:44158 Accepted
[Sun Mar  1 22:01:44 2026] [::1]:44148 [200]: GET /assets/css/captcha.css
[Sun Mar  1 22:01:44 2026] [::1]:44158 [200]: GET /assets/js/captcha.js
[Sun Mar  1 22:01:44 2026] [::1]:44148 Closing
[Sun Mar  1 22:01:44 2026] [::1]:44158 Closing
